[2024-12-05 17:26:20] local.INFO: Pengawas {"dealProjects":{"Illuminate\\Database\\Eloquent\\Collection":[{"id":"9da492cb-d248-408b-a739-5fa29884513f","prospect_id":"9da48daf-cb73-42c2-82fd-bc770b73a09c","date":"2024-12-27","harga_deal":"1200000.00","rab":null,"rap":null,"keterangan":null,"created_at":"2024-12-04T08:40:30.000000Z","updated_at":"2024-12-05T01:15:35.000000Z"}]}} 
[2024-12-05 17:26:22] local.INFO: Pengawas {"dealProjects":{"Illuminate\\Database\\Eloquent\\Collection":[{"id":"9da492cb-d248-408b-a739-5fa29884513f","prospect_id":"9da48daf-cb73-42c2-82fd-bc770b73a09c","date":"2024-12-27","harga_deal":"1200000.00","rab":null,"rap":null,"keterangan":null,"created_at":"2024-12-04T08:40:30.000000Z","updated_at":"2024-12-05T01:15:35.000000Z"}]}} 
[2024-12-05 17:26:26] local.INFO: Pengawas {"dealProjects":{"Illuminate\\Database\\Eloquent\\Collection":[{"id":"9da492cb-d248-408b-a739-5fa29884513f","prospect_id":"9da48daf-cb73-42c2-82fd-bc770b73a09c","date":"2024-12-27","harga_deal":"1200000.00","rab":null,"rap":null,"keterangan":null,"created_at":"2024-12-04T08:40:30.000000Z","updated_at":"2024-12-05T01:15:35.000000Z"}]}} 
[2024-12-05 17:26:26] local.INFO: Progress Details {"completedPercentage":1.74,"remainingPercentage":98.26} 
[2024-12-05 18:24:44] local.INFO: Pengawas {"dealProjects":{"Illuminate\\Database\\Eloquent\\Collection":[{"id":"9da492cb-d248-408b-a739-5fa29884513f","prospect_id":"9da48daf-cb73-42c2-82fd-bc770b73a09c","date":"2024-12-27","harga_deal":"1200000.00","rab":null,"rap":null,"keterangan":null,"created_at":"2024-12-04T08:40:30.000000Z","updated_at":"2024-12-05T01:15:35.000000Z"}]}} 
[2024-12-05 18:24:45] local.INFO: Pengawas {"dealProjects":{"Illuminate\\Database\\Eloquent\\Collection":[{"id":"9da492cb-d248-408b-a739-5fa29884513f","prospect_id":"9da48daf-cb73-42c2-82fd-bc770b73a09c","date":"2024-12-27","harga_deal":"1200000.00","rab":null,"rap":null,"keterangan":null,"created_at":"2024-12-04T08:40:30.000000Z","updated_at":"2024-12-05T01:15:35.000000Z"}]}} 
[2024-12-05 18:24:50] local.INFO: Pengawas {"dealProjects":{"Illuminate\\Database\\Eloquent\\Collection":[{"id":"9da492cb-d248-408b-a739-5fa29884513f","prospect_id":"9da48daf-cb73-42c2-82fd-bc770b73a09c","date":"2024-12-27","harga_deal":"1200000.00","rab":null,"rap":null,"keterangan":null,"created_at":"2024-12-04T08:40:30.000000Z","updated_at":"2024-12-05T01:15:35.000000Z"}]}} 
[2024-12-05 18:24:50] local.INFO: Progress Details {"completedPercentage":1.74,"remainingPercentage":98.26} 
[2024-12-05 18:30:03] local.INFO: Pengawas {"dealProjects":{"Illuminate\\Database\\Eloquent\\Collection":[{"id":"9da492cb-d248-408b-a739-5fa29884513f","prospect_id":"9da48daf-cb73-42c2-82fd-bc770b73a09c","date":"2024-12-27","harga_deal":"1200000.00","rab":null,"rap":null,"keterangan":null,"created_at":"2024-12-04T08:40:30.000000Z","updated_at":"2024-12-05T01:15:35.000000Z"}]}} 
[2024-12-05 18:30:04] local.INFO: Pengawas {"dealProjects":{"Illuminate\\Database\\Eloquent\\Collection":[{"id":"9da492cb-d248-408b-a739-5fa29884513f","prospect_id":"9da48daf-cb73-42c2-82fd-bc770b73a09c","date":"2024-12-27","harga_deal":"1200000.00","rab":null,"rap":null,"keterangan":null,"created_at":"2024-12-04T08:40:30.000000Z","updated_at":"2024-12-05T01:15:35.000000Z"}]}} 
[2024-12-05 18:30:07] local.INFO: Pengawas {"dealProjects":{"Illuminate\\Database\\Eloquent\\Collection":[{"id":"9da492cb-d248-408b-a739-5fa29884513f","prospect_id":"9da48daf-cb73-42c2-82fd-bc770b73a09c","date":"2024-12-27","harga_deal":"1200000.00","rab":null,"rap":null,"keterangan":null,"created_at":"2024-12-04T08:40:30.000000Z","updated_at":"2024-12-05T01:15:35.000000Z"}]}} 
[2024-12-05 18:30:07] local.INFO: Progress Details {"completedPercentage":1.74,"remainingPercentage":98.26} 
[2024-12-05 18:39:02] local.INFO: Pengawas {"dealProjects":{"Illuminate\\Database\\Eloquent\\Collection":[{"id":"9da492cb-d248-408b-a739-5fa29884513f","prospect_id":"9da48daf-cb73-42c2-82fd-bc770b73a09c","date":"2024-12-27","harga_deal":"1200000.00","rab":null,"rap":null,"keterangan":null,"created_at":"2024-12-04T08:40:30.000000Z","updated_at":"2024-12-05T01:15:35.000000Z"}]}} 
[2024-12-05 18:39:15] local.INFO: Pengawas {"dealProjects":{"Illuminate\\Database\\Eloquent\\Collection":[{"id":"9da492cb-d248-408b-a739-5fa29884513f","prospect_id":"9da48daf-cb73-42c2-82fd-bc770b73a09c","date":"2024-12-27","harga_deal":"1200000.00","rab":null,"rap":null,"keterangan":null,"created_at":"2024-12-04T08:40:30.000000Z","updated_at":"2024-12-05T01:15:35.000000Z"}]}} 
[2024-12-05 18:39:52] local.INFO: Pengawas {"dealProjects":{"Illuminate\\Database\\Eloquent\\Collection":[{"id":"9da492cb-d248-408b-a739-5fa29884513f","prospect_id":"9da48daf-cb73-42c2-82fd-bc770b73a09c","date":"2024-12-27","harga_deal":"1200000.00","rab":null,"rap":null,"keterangan":null,"created_at":"2024-12-04T08:40:30.000000Z","updated_at":"2024-12-05T01:15:35.000000Z"}]}} 
[2024-12-05 18:44:09] local.INFO: Pengawas {"dealProjects":{"Illuminate\\Database\\Eloquent\\Collection":[{"id":"9da492cb-d248-408b-a739-5fa29884513f","prospect_id":"9da48daf-cb73-42c2-82fd-bc770b73a09c","date":"2024-12-27","harga_deal":"1200000.00","rab":null,"rap":null,"keterangan":null,"created_at":"2024-12-04T08:40:30.000000Z","updated_at":"2024-12-05T01:15:35.000000Z"}]}} 
[2024-12-05 18:44:11] local.INFO: Pengawas {"dealProjects":{"Illuminate\\Database\\Eloquent\\Collection":[{"id":"9da492cb-d248-408b-a739-5fa29884513f","prospect_id":"9da48daf-cb73-42c2-82fd-bc770b73a09c","date":"2024-12-27","harga_deal":"1200000.00","rab":null,"rap":null,"keterangan":null,"created_at":"2024-12-04T08:40:30.000000Z","updated_at":"2024-12-05T01:15:35.000000Z"}]}} 
[2024-12-05 18:44:13] local.INFO: Pengawas {"dealProjects":{"Illuminate\\Database\\Eloquent\\Collection":[{"id":"9da492cb-d248-408b-a739-5fa29884513f","prospect_id":"9da48daf-cb73-42c2-82fd-bc770b73a09c","date":"2024-12-27","harga_deal":"1200000.00","rab":null,"rap":null,"keterangan":null,"created_at":"2024-12-04T08:40:30.000000Z","updated_at":"2024-12-05T01:15:35.000000Z"}]}} 
[2024-12-05 18:44:13] local.INFO: Progress Details {"completedPercentage":1.74,"remainingPercentage":98.26} 
[2024-12-05 18:55:55] local.INFO: Pengawas {"dealProjects":{"Illuminate\\Database\\Eloquent\\Collection":[{"id":"9da492cb-d248-408b-a739-5fa29884513f","prospect_id":"9da48daf-cb73-42c2-82fd-bc770b73a09c","date":"2024-12-27","harga_deal":"1200000.00","rab":null,"rap":null,"keterangan":null,"created_at":"2024-12-04T08:40:30.000000Z","updated_at":"2024-12-05T01:15:35.000000Z"}]}} 
[2024-12-05 18:55:57] local.INFO: Pengawas {"dealProjects":{"Illuminate\\Database\\Eloquent\\Collection":[{"id":"9da492cb-d248-408b-a739-5fa29884513f","prospect_id":"9da48daf-cb73-42c2-82fd-bc770b73a09c","date":"2024-12-27","harga_deal":"1200000.00","rab":null,"rap":null,"keterangan":null,"created_at":"2024-12-04T08:40:30.000000Z","updated_at":"2024-12-05T01:15:35.000000Z"}]}} 
[2024-12-05 18:56:04] local.INFO: Pengawas {"dealProjects":{"Illuminate\\Database\\Eloquent\\Collection":[{"id":"9da492cb-d248-408b-a739-5fa29884513f","prospect_id":"9da48daf-cb73-42c2-82fd-bc770b73a09c","date":"2024-12-27","harga_deal":"1200000.00","rab":null,"rap":null,"keterangan":null,"created_at":"2024-12-04T08:40:30.000000Z","updated_at":"2024-12-05T01:15:35.000000Z"}]}} 
[2024-12-05 18:56:04] local.INFO: Progress Details {"completedPercentage":1.74,"remainingPercentage":98.26} 
[2024-12-05 18:58:54] local.INFO: Pengawas {"dealProjects":{"Illuminate\\Database\\Eloquent\\Collection":[{"id":"9da492cb-d248-408b-a739-5fa29884513f","prospect_id":"9da48daf-cb73-42c2-82fd-bc770b73a09c","date":"2024-12-27","harga_deal":"1200000.00","rab":null,"rap":null,"keterangan":null,"created_at":"2024-12-04T08:40:30.000000Z","updated_at":"2024-12-05T01:15:35.000000Z"}]}} 
[2024-12-05 18:58:55] local.INFO: Pengawas {"dealProjects":{"Illuminate\\Database\\Eloquent\\Collection":[{"id":"9da492cb-d248-408b-a739-5fa29884513f","prospect_id":"9da48daf-cb73-42c2-82fd-bc770b73a09c","date":"2024-12-27","harga_deal":"1200000.00","rab":null,"rap":null,"keterangan":null,"created_at":"2024-12-04T08:40:30.000000Z","updated_at":"2024-12-05T01:15:35.000000Z"}]}} 
[2024-12-05 18:58:59] local.INFO: Pengawas {"dealProjects":{"Illuminate\\Database\\Eloquent\\Collection":[{"id":"9da492cb-d248-408b-a739-5fa29884513f","prospect_id":"9da48daf-cb73-42c2-82fd-bc770b73a09c","date":"2024-12-27","harga_deal":"1200000.00","rab":null,"rap":null,"keterangan":null,"created_at":"2024-12-04T08:40:30.000000Z","updated_at":"2024-12-05T01:15:35.000000Z"}]}} 
[2024-12-05 18:58:59] local.INFO: Progress Details {"completedPercentage":1.74,"remainingPercentage":98.26} 
[2024-12-05 18:59:34] local.INFO: Pengawas {"dealProjects":{"Illuminate\\Database\\Eloquent\\Collection":[{"id":"9da492cb-d248-408b-a739-5fa29884513f","prospect_id":"9da48daf-cb73-42c2-82fd-bc770b73a09c","date":"2024-12-27","harga_deal":"1200000.00","rab":null,"rap":null,"keterangan":null,"created_at":"2024-12-04T08:40:30.000000Z","updated_at":"2024-12-05T01:15:35.000000Z"}]}} 
[2024-12-05 18:59:35] local.INFO: Pengawas {"dealProjects":{"Illuminate\\Database\\Eloquent\\Collection":[{"id":"9da492cb-d248-408b-a739-5fa29884513f","prospect_id":"9da48daf-cb73-42c2-82fd-bc770b73a09c","date":"2024-12-27","harga_deal":"1200000.00","rab":null,"rap":null,"keterangan":null,"created_at":"2024-12-04T08:40:30.000000Z","updated_at":"2024-12-05T01:15:35.000000Z"}]}} 
[2024-12-05 18:59:39] local.INFO: Pengawas {"dealProjects":{"Illuminate\\Database\\Eloquent\\Collection":[{"id":"9da492cb-d248-408b-a739-5fa29884513f","prospect_id":"9da48daf-cb73-42c2-82fd-bc770b73a09c","date":"2024-12-27","harga_deal":"1200000.00","rab":null,"rap":null,"keterangan":null,"created_at":"2024-12-04T08:40:30.000000Z","updated_at":"2024-12-05T01:15:35.000000Z"}]}} 
[2024-12-05 18:59:39] local.INFO: Progress Details {"completedPercentage":1.74,"remainingPercentage":98.26} 
[2024-12-05 19:07:30] local.INFO: Pengawas {"dealProjects":{"Illuminate\\Database\\Eloquent\\Collection":[{"id":"9da492cb-d248-408b-a739-5fa29884513f","prospect_id":"9da48daf-cb73-42c2-82fd-bc770b73a09c","date":"2024-12-27","harga_deal":"1200000.00","rab":null,"rap":null,"keterangan":null,"created_at":"2024-12-04T08:40:30.000000Z","updated_at":"2024-12-05T01:15:35.000000Z"}]}} 
[2024-12-05 19:07:31] local.INFO: Pengawas {"dealProjects":{"Illuminate\\Database\\Eloquent\\Collection":[{"id":"9da492cb-d248-408b-a739-5fa29884513f","prospect_id":"9da48daf-cb73-42c2-82fd-bc770b73a09c","date":"2024-12-27","harga_deal":"1200000.00","rab":null,"rap":null,"keterangan":null,"created_at":"2024-12-04T08:40:30.000000Z","updated_at":"2024-12-05T01:15:35.000000Z"}]}} 
[2024-12-05 19:07:34] local.INFO: Pengawas {"dealProjects":{"Illuminate\\Database\\Eloquent\\Collection":[{"id":"9da492cb-d248-408b-a739-5fa29884513f","prospect_id":"9da48daf-cb73-42c2-82fd-bc770b73a09c","date":"2024-12-27","harga_deal":"1200000.00","rab":null,"rap":null,"keterangan":null,"created_at":"2024-12-04T08:40:30.000000Z","updated_at":"2024-12-05T01:15:35.000000Z"}]}} 
[2024-12-05 19:07:34] local.INFO: Progress Details {"completedPercentage":1.74,"remainingPercentage":98.26} 
[2024-12-05 19:07:48] local.INFO: id {"id":"1b9db7b5-76b5-4617-9f7e-079f7c74387c"} 
[2024-12-05 19:11:52] local.INFO: Pengawas {"dealProjects":{"Illuminate\\Database\\Eloquent\\Collection":[{"id":"9da492cb-d248-408b-a739-5fa29884513f","prospect_id":"9da48daf-cb73-42c2-82fd-bc770b73a09c","date":"2024-12-27","harga_deal":"1200000.00","rab":null,"rap":null,"keterangan":null,"created_at":"2024-12-04T08:40:30.000000Z","updated_at":"2024-12-05T01:15:35.000000Z"}]}} 
[2024-12-05 19:11:54] local.INFO: Pengawas {"dealProjects":{"Illuminate\\Database\\Eloquent\\Collection":[{"id":"9da492cb-d248-408b-a739-5fa29884513f","prospect_id":"9da48daf-cb73-42c2-82fd-bc770b73a09c","date":"2024-12-27","harga_deal":"1200000.00","rab":null,"rap":null,"keterangan":null,"created_at":"2024-12-04T08:40:30.000000Z","updated_at":"2024-12-05T01:15:35.000000Z"}]}} 
[2024-12-05 19:11:58] local.INFO: Pengawas {"dealProjects":{"Illuminate\\Database\\Eloquent\\Collection":[{"id":"9da492cb-d248-408b-a739-5fa29884513f","prospect_id":"9da48daf-cb73-42c2-82fd-bc770b73a09c","date":"2024-12-27","harga_deal":"1200000.00","rab":null,"rap":null,"keterangan":null,"created_at":"2024-12-04T08:40:30.000000Z","updated_at":"2024-12-05T01:15:35.000000Z"}]}} 
[2024-12-05 19:11:58] local.INFO: Progress Details {"completedPercentage":1.74,"remainingPercentage":98.26} 
[2024-12-05 19:12:09] local.INFO: id {"id":"1b9db7b5-76b5-4617-9f7e-079f7c74387c"} 
[2024-12-05 19:12:10] local.INFO: Pengawas {"dealProjects":{"Illuminate\\Database\\Eloquent\\Collection":[{"id":"9da492cb-d248-408b-a739-5fa29884513f","prospect_id":"9da48daf-cb73-42c2-82fd-bc770b73a09c","date":"2024-12-27","harga_deal":"1200000.00","rab":null,"rap":null,"keterangan":null,"created_at":"2024-12-04T08:40:30.000000Z","updated_at":"2024-12-05T01:15:35.000000Z"}]}} 
[2024-12-05 19:12:10] local.INFO: Progress Details {"completedPercentage":2.33,"remainingPercentage":97.67} 
[2024-12-05 19:16:35] local.INFO: id {"id":"ceb939dd-034b-4832-809c-992601587180"} 
[2024-12-05 19:16:35] local.INFO: Pengawas {"dealProjects":{"Illuminate\\Database\\Eloquent\\Collection":[{"id":"9da492cb-d248-408b-a739-5fa29884513f","prospect_id":"9da48daf-cb73-42c2-82fd-bc770b73a09c","date":"2024-12-27","harga_deal":"1200000.00","rab":null,"rap":null,"keterangan":null,"created_at":"2024-12-04T08:40:30.000000Z","updated_at":"2024-12-05T01:15:35.000000Z"}]}} 
[2024-12-05 19:16:36] local.INFO: Progress Details {"completedPercentage":2.33,"remainingPercentage":97.67} 
[2024-12-05 19:17:18] local.INFO: id {"id":"ceb939dd-034b-4832-809c-992601587180"} 
[2024-12-05 19:17:19] local.INFO: Pengawas {"dealProjects":{"Illuminate\\Database\\Eloquent\\Collection":[{"id":"9da492cb-d248-408b-a739-5fa29884513f","prospect_id":"9da48daf-cb73-42c2-82fd-bc770b73a09c","date":"2024-12-27","harga_deal":"1200000.00","rab":null,"rap":null,"keterangan":null,"created_at":"2024-12-04T08:40:30.000000Z","updated_at":"2024-12-05T01:15:35.000000Z"}]}} 
[2024-12-05 19:17:19] local.INFO: Progress Details {"completedPercentage":2.91,"remainingPercentage":97.09} 
[2024-12-06 06:18:29] local.INFO: User berhasil login {"user_id":"01je8cbrzzdzbqcmpxm12bc62h"} 
[2024-12-08 10:15:40] local.INFO: User berhasil login {"user_id":"01je8cbrzzdzbqcmpxm12bc62h"} 
[2024-12-08 10:16:00] local.INFO: User berhasil login {"user_id":"01je9dy2snw68m61f1y0zsg8v7"} 
[2024-12-08 12:53:59] local.INFO: User berhasil login {"user_id":"01je8cbrzzdzbqcmpxm12bc62h"} 
[2024-12-08 12:57:26] local.INFO: Penawaran Deleted Successfully {"id":"9da50fb6-7e66-47cc-aaba-ae7d2da5b80c"} 
[2024-12-08 13:07:12] local.ERROR: Call to undefined method App\Models\DealProject::users() {"userId":"01je8cbrzzdzbqcmpxm12bc62h","exception":"[object] (BadMethodCallException(code: 0): Call to undefined method App\\Models\\DealProject::users() at D:\\project-bnpbali-management\\management-task-bnp-bali\\vendor\\laravel\\framework\\src\\Illuminate\\Support\\Traits\\ForwardsCalls.php:67)
[stacktrace]
#0 D:\\project-bnpbali-management\\management-task-bnp-bali\\vendor\\laravel\\framework\\src\\Illuminate\\Support\\Traits\\ForwardsCalls.php(36): Illuminate\\Database\\Eloquent\\Model::throwBadMethodCallException()
#1 D:\\project-bnpbali-management\\management-task-bnp-bali\\vendor\\laravel\\framework\\src\\Illuminate\\Database\\Eloquent\\Model.php(2335): Illuminate\\Database\\Eloquent\\Model->forwardCallTo()
#2 D:\\project-bnpbali-management\\management-task-bnp-bali\\app\\Http\\Controllers\\Constructor\\DealProjectController.php(102): Illuminate\\Database\\Eloquent\\Model->__call()
#3 D:\\project-bnpbali-management\\management-task-bnp-bali\\vendor\\laravel\\framework\\src\\Illuminate\\Routing\\Controller.php(54): App\\Http\\Controllers\\Constructor\\DealProjectController->edit()
#4 D:\\project-bnpbali-management\\management-task-bnp-bali\\vendor\\laravel\\framework\\src\\Illuminate\\Routing\\ControllerDispatcher.php(43): Illuminate\\Routing\\Controller->callAction()
#5 D:\\project-bnpbali-management\\management-task-bnp-bali\\vendor\\laravel\\framework\\src\\Illuminate\\Routing\\Route.php(259): Illuminate\\Routing\\ControllerDispatcher->dispatch()
#6 D:\\project-bnpbali-management\\management-task-bnp-bali\\vendor\\laravel\\framework\\src\\Illuminate\\Routing\\Route.php(205): Illuminate\\Routing\\Route->runController()
#7 D:\\project-bnpbali-management\\management-task-bnp-bali\\vendor\\laravel\\framework\\src\\Illuminate\\Routing\\Router.php(806): Illuminate\\Routing\\Route->run()
#8 D:\\project-bnpbali-management\\management-task-bnp-bali\\vendor\\laravel\\framework\\src\\Illuminate\\Pipeline\\Pipeline.php(144): Illuminate\\Routing\\Router->Illuminate\\Routing\\{closure}()
#9 D:\\project-bnpbali-management\\management-task-bnp-bali\\app\\Http\\Middleware\\isStatusAccount.php(32): Illuminate\\Pipeline\\Pipeline->Illuminate\\Pipeline\\{closure}()
#10 D:\\project-bnpbali-management\\management-task-bnp-bali\\vendor\\laravel\\framework\\src\\Illuminate\\Pipeline\\Pipeline.php(183): App\\Http\\Middleware\\isStatusAccount->handle()
#11 D:\\project-bnpbali-management\\management-task-bnp-bali\\vendor\\laravel\\framework\\src\\Illuminate\\Auth\\Middleware\\EnsureEmailIsVerified.php(41): Illuminate\\Pipeline\\Pipeline->Illuminate\\Pipeline\\{closure}()
#12 D:\\project-bnpbali-management\\management-task-bnp-bali\\vendor\\laravel\\framework\\src\\Illuminate\\Pipeline\\Pipeline.php(183): Illuminate\\Auth\\Middleware\\EnsureEmailIsVerified->handle()
#13 D:\\project-bnpbali-management\\management-task-bnp-bali\\vendor\\laravel\\framework\\src\\Illuminate\\Routing\\Middleware\\SubstituteBindings.php(50): Illuminate\\Pipeline\\Pipeline->Illuminate\\Pipeline\\{closure}()
#14 D:\\project-bnpbali-management\\management-task-bnp-bali\\vendor\\laravel\\framework\\src\\Illuminate\\Pipeline\\Pipeline.php(183): Illuminate\\Routing\\Middleware\\SubstituteBindings->handle()
#15 D:\\project-bnpbali-management\\management-task-bnp-bali\\vendor\\laravel\\framework\\src\\Illuminate\\Auth\\Middleware\\Authenticate.php(57): Illuminate\\Pipeline\\Pipeline->Illuminate\\Pipeline\\{closure}()
#16 D:\\project-bnpbali-management\\management-task-bnp-bali\\vendor\\laravel\\framework\\src\\Illuminate\\Pipeline\\Pipeline.php(183): Illuminate\\Auth\\Middleware\\Authenticate->handle()
#17 D:\\project-bnpbali-management\\management-task-bnp-bali\\vendor\\laravel\\framework\\src\\Illuminate\\Foundation\\Http\\Middleware\\VerifyCsrfToken.php(78): Illuminate\\Pipeline\\Pipeline->Illuminate\\Pipeline\\{closure}()
#18 D:\\project-bnpbali-management\\management-task-bnp-bali\\vendor\\laravel\\framework\\src\\Illuminate\\Pipeline\\Pipeline.php(183): Illuminate\\Foundation\\Http\\Middleware\\VerifyCsrfToken->handle()
#19 D:\\project-bnpbali-management\\management-task-bnp-bali\\vendor\\laravel\\framework\\src\\Illuminate\\View\\Middleware\\ShareErrorsFromSession.php(49): Illuminate\\Pipeline\\Pipeline->Illuminate\\Pipeline\\{closure}()
#20 D:\\project-bnpbali-management\\management-task-bnp-bali\\vendor\\laravel\\framework\\src\\Illuminate\\Pipeline\\Pipeline.php(183): Illuminate\\View\\Middleware\\ShareErrorsFromSession->handle()
#21 D:\\project-bnpbali-management\\management-task-bnp-bali\\vendor\\laravel\\framework\\src\\Illuminate\\Session\\Middleware\\StartSession.php(121): Illuminate\\Pipeline\\Pipeline->Illuminate\\Pipeline\\{closure}()
#22 D:\\project-bnpbali-management\\management-task-bnp-bali\\vendor\\laravel\\framework\\src\\Illuminate\\Session\\Middleware\\StartSession.php(64): Illuminate\\Session\\Middleware\\StartSession->handleStatefulRequest()
#23 D:\\project-bnpbali-management\\management-task-bnp-bali\\vendor\\laravel\\framework\\src\\Illuminate\\Pipeline\\Pipeline.php(183): Illuminate\\Session\\Middleware\\StartSession->handle()
#24 D:\\project-bnpbali-management\\management-task-bnp-bali\\vendor\\laravel\\framework\\src\\Illuminate\\Cookie\\Middleware\\AddQueuedCookiesToResponse.php(37): Illuminate\\Pipeline\\Pipeline->Illuminate\\Pipeline\\{closure}()
#25 D:\\project-bnpbali-management\\management-task-bnp-bali\\vendor\\laravel\\framework\\src\\Illuminate\\Pipeline\\Pipeline.php(183): Illuminate\\Cookie\\Middleware\\AddQueuedCookiesToResponse->handle()
#26 D:\\project-bnpbali-management\\management-task-bnp-bali\\vendor\\laravel\\framework\\src\\Illuminate\\Cookie\\Middleware\\EncryptCookies.php(67): Illuminate\\Pipeline\\Pipeline->Illuminate\\Pipeline\\{closure}()
#27 D:\\project-bnpbali-management\\management-task-bnp-bali\\vendor\\laravel\\framework\\src\\Illuminate\\Pipeline\\Pipeline.php(183): Illuminate\\Cookie\\Middleware\\EncryptCookies->handle()
#28 D:\\project-bnpbali-management\\management-task-bnp-bali\\vendor\\laravel\\framework\\src\\Illuminate\\Pipeline\\Pipeline.php(119): Illuminate\\Pipeline\\Pipeline->Illuminate\\Pipeline\\{closure}()
#29 D:\\project-bnpbali-management\\management-task-bnp-bali\\vendor\\laravel\\framework\\src\\Illuminate\\Routing\\Router.php(805): Illuminate\\Pipeline\\Pipeline->then()
#30 D:\\project-bnpbali-management\\management-task-bnp-bali\\vendor\\laravel\\framework\\src\\Illuminate\\Routing\\Router.php(784): Illuminate\\Routing\\Router->runRouteWithinStack()
#31 D:\\project-bnpbali-management\\management-task-bnp-bali\\vendor\\laravel\\framework\\src\\Illuminate\\Routing\\Router.php(748): Illuminate\\Routing\\Router->runRoute()
#32 D:\\project-bnpbali-management\\management-task-bnp-bali\\vendor\\laravel\\framework\\src\\Illuminate\\Routing\\Router.php(737): Illuminate\\Routing\\Router->dispatchToRoute()
#33 D:\\project-bnpbali-management\\management-task-bnp-bali\\vendor\\laravel\\framework\\src\\Illuminate\\Foundation\\Http\\Kernel.php(200): Illuminate\\Routing\\Router->dispatch()
#34 D:\\project-bnpbali-management\\management-task-bnp-bali\\vendor\\laravel\\framework\\src\\Illuminate\\Pipeline\\Pipeline.php(144): Illuminate\\Foundation\\Http\\Kernel->Illuminate\\Foundation\\Http\\{closure}()
#35 D:\\project-bnpbali-management\\management-task-bnp-bali\\vendor\\laravel\\framework\\src\\Illuminate\\Foundation\\Http\\Middleware\\TransformsRequest.php(21): Illuminate\\Pipeline\\Pipeline->Illuminate\\Pipeline\\{closure}()
#36 D:\\project-bnpbali-management\\management-task-bnp-bali\\vendor\\laravel\\framework\\src\\Illuminate\\Foundation\\Http\\Middleware\\ConvertEmptyStringsToNull.php(31): Illuminate\\Foundation\\Http\\Middleware\\TransformsRequest->handle()
#37 D:\\project-bnpbali-management\\management-task-bnp-bali\\vendor\\laravel\\framework\\src\\Illuminate\\Pipeline\\Pipeline.php(183): Illuminate\\Foundation\\Http\\Middleware\\ConvertEmptyStringsToNull->handle()
#38 D:\\project-bnpbali-management\\management-task-bnp-bali\\vendor\\laravel\\framework\\src\\Illuminate\\Foundation\\Http\\Middleware\\TransformsRequest.php(21): Illuminate\\Pipeline\\Pipeline->Illuminate\\Pipeline\\{closure}()
#39 D:\\project-bnpbali-management\\management-task-bnp-bali\\vendor\\laravel\\framework\\src\\Illuminate\\Foundation\\Http\\Middleware\\TrimStrings.php(40): Illuminate\\Foundation\\Http\\Middleware\\TransformsRequest->handle()
#40 D:\\project-bnpbali-management\\management-task-bnp-bali\\vendor\\laravel\\framework\\src\\Illuminate\\Pipeline\\Pipeline.php(183): Illuminate\\Foundation\\Http\\Middleware\\TrimStrings->handle()
#41 D:\\project-bnpbali-management\\management-task-bnp-bali\\vendor\\laravel\\framework\\src\\Illuminate\\Foundation\\Http\\Middleware\\ValidatePostSize.php(27): Illuminate\\Pipeline\\Pipeline->Illuminate\\Pipeline\\{closure}()
#42 D:\\project-bnpbali-management\\management-task-bnp-bali\\vendor\\laravel\\framework\\src\\Illuminate\\Pipeline\\Pipeline.php(183): Illuminate\\Foundation\\Http\\Middleware\\ValidatePostSize->handle()
#43 D:\\project-bnpbali-management\\management-task-bnp-bali\\vendor\\laravel\\framework\\src\\Illuminate\\Foundation\\Http\\Middleware\\PreventRequestsDuringMaintenance.php(99): Illuminate\\Pipeline\\Pipeline->Illuminate\\Pipeline\\{closure}()
#44 D:\\project-bnpbali-management\\management-task-bnp-bali\\vendor\\laravel\\framework\\src\\Illuminate\\Pipeline\\Pipeline.php(183): Illuminate\\Foundation\\Http\\Middleware\\PreventRequestsDuringMaintenance->handle()
#45 D:\\project-bnpbali-management\\management-task-bnp-bali\\vendor\\laravel\\framework\\src\\Illuminate\\Http\\Middleware\\HandleCors.php(49): Illuminate\\Pipeline\\Pipeline->Illuminate\\Pipeline\\{closure}()
#46 D:\\project-bnpbali-management\\management-task-bnp-bali\\vendor\\laravel\\framework\\src\\Illuminate\\Pipeline\\Pipeline.php(183): Illuminate\\Http\\Middleware\\HandleCors->handle()
#47 D:\\project-bnpbali-management\\management-task-bnp-bali\\vendor\\laravel\\framework\\src\\Illuminate\\Http\\Middleware\\TrustProxies.php(39): Illuminate\\Pipeline\\Pipeline->Illuminate\\Pipeline\\{closure}()
#48 D:\\project-bnpbali-management\\management-task-bnp-bali\\vendor\\laravel\\framework\\src\\Illuminate\\Pipeline\\Pipeline.php(183): Illuminate\\Http\\Middleware\\TrustProxies->handle()
#49 D:\\project-bnpbali-management\\management-task-bnp-bali\\vendor\\laravel\\framework\\src\\Illuminate\\Pipeline\\Pipeline.php(119): Illuminate\\Pipeline\\Pipeline->Illuminate\\Pipeline\\{closure}()
#50 D:\\project-bnpbali-management\\management-task-bnp-bali\\vendor\\laravel\\framework\\src\\Illuminate\\Foundation\\Http\\Kernel.php(175): Illuminate\\Pipeline\\Pipeline->then()
#51 D:\\project-bnpbali-management\\management-task-bnp-bali\\vendor\\laravel\\framework\\src\\Illuminate\\Foundation\\Http\\Kernel.php(144): Illuminate\\Foundation\\Http\\Kernel->sendRequestThroughRouter()
#52 D:\\project-bnpbali-management\\management-task-bnp-bali\\public\\index.php(51): Illuminate\\Foundation\\Http\\Kernel->handle()
#53 D:\\project-bnpbali-management\\management-task-bnp-bali\\vendor\\laravel\\framework\\src\\Illuminate\\Foundation\\resources\\server.php(16): require_once('...')
#54 {main}
"} 
[2024-12-08 13:14:39] local.ERROR: SQLSTATE[23000]: Integrity constraint violation: 1052 Column 'id' in field list is ambiguous (Connection: mysql, SQL: select `id` from `users` inner join `deal_project_users` on `users`.`id` = `deal_project_users`.`user_id` where `deal_project_users`.`deal_project_id` = 9da492cb-d248-408b-a739-5fa29884513f) {"userId":"01je8cbrzzdzbqcmpxm12bc62h","exception":"[object] (Illuminate\\Database\\QueryException(code: 23000): SQLSTATE[23000]: Integrity constraint violation: 1052 Column 'id' in field list is ambiguous (Connection: mysql, SQL: select `id` from `users` inner join `deal_project_users` on `users`.`id` = `deal_project_users`.`user_id` where `deal_project_users`.`deal_project_id` = 9da492cb-d248-408b-a739-5fa29884513f) at D:\\project-bnpbali-management\\management-task-bnp-bali\\vendor\\laravel\\framework\\src\\Illuminate\\Database\\Connection.php:829)
[stacktrace]
#0 D:\\project-bnpbali-management\\management-task-bnp-bali\\vendor\\laravel\\framework\\src\\Illuminate\\Database\\Connection.php(783): Illuminate\\Database\\Connection->runQueryCallback()
#1 D:\\project-bnpbali-management\\management-task-bnp-bali\\vendor\\laravel\\framework\\src\\Illuminate\\Database\\Connection.php(414): Illuminate\\Database\\Connection->run()
#2 D:\\project-bnpbali-management\\management-task-bnp-bali\\vendor\\laravel\\framework\\src\\Illuminate\\Database\\Query\\Builder.php(2913): Illuminate\\Database\\Connection->select()
#3 D:\\project-bnpbali-management\\management-task-bnp-bali\\vendor\\laravel\\framework\\src\\Illuminate\\Database\\Query\\Builder.php(3142): Illuminate\\Database\\Query\\Builder->runSelect()
#4 D:\\project-bnpbali-management\\management-task-bnp-bali\\vendor\\laravel\\framework\\src\\Illuminate\\Database\\Query\\Builder.php(3456): Illuminate\\Database\\Query\\Builder->Illuminate\\Database\\Query\\{closure}()
#5 D:\\project-bnpbali-management\\management-task-bnp-bali\\vendor\\laravel\\framework\\src\\Illuminate\\Database\\Query\\Builder.php(3138): Illuminate\\Database\\Query\\Builder->onceWithColumns()
#6 D:\\project-bnpbali-management\\management-task-bnp-bali\\vendor\\laravel\\framework\\src\\Illuminate\\Database\\Eloquent\\Builder.php(889): Illuminate\\Database\\Query\\Builder->pluck()
#7 D:\\project-bnpbali-management\\management-task-bnp-bali\\vendor\\laravel\\framework\\src\\Illuminate\\Support\\Traits\\ForwardsCalls.php(23): Illuminate\\Database\\Eloquent\\Builder->pluck()
#8 D:\\project-bnpbali-management\\management-task-bnp-bali\\vendor\\laravel\\framework\\src\\Illuminate\\Support\\Traits\\ForwardsCalls.php(52): Illuminate\\Database\\Eloquent\\Relations\\Relation->forwardCallTo()
#9 D:\\project-bnpbali-management\\management-task-bnp-bali\\vendor\\laravel\\framework\\src\\Illuminate\\Database\\Eloquent\\Relations\\Relation.php(517): Illuminate\\Database\\Eloquent\\Relations\\Relation->forwardDecoratedCallTo()
#10 D:\\project-bnpbali-management\\management-task-bnp-bali\\app\\Http\\Controllers\\Constructor\\DealProjectController.php(107): Illuminate\\Database\\Eloquent\\Relations\\Relation->__call()
#11 D:\\project-bnpbali-management\\management-task-bnp-bali\\vendor\\laravel\\framework\\src\\Illuminate\\Routing\\Controller.php(54): App\\Http\\Controllers\\Constructor\\DealProjectController->edit()
#12 D:\\project-bnpbali-management\\management-task-bnp-bali\\vendor\\laravel\\framework\\src\\Illuminate\\Routing\\ControllerDispatcher.php(43): Illuminate\\Routing\\Controller->callAction()
#13 D:\\project-bnpbali-management\\management-task-bnp-bali\\vendor\\laravel\\framework\\src\\Illuminate\\Routing\\Route.php(259): Illuminate\\Routing\\ControllerDispatcher->dispatch()
#14 D:\\project-bnpbali-management\\management-task-bnp-bali\\vendor\\laravel\\framework\\src\\Illuminate\\Routing\\Route.php(205): Illuminate\\Routing\\Route->runController()
#15 D:\\project-bnpbali-management\\management-task-bnp-bali\\vendor\\laravel\\framework\\src\\Illuminate\\Routing\\Router.php(806): Illuminate\\Routing\\Route->run()
#16 D:\\project-bnpbali-management\\management-task-bnp-bali\\vendor\\laravel\\framework\\src\\Illuminate\\Pipeline\\Pipeline.php(144): Illuminate\\Routing\\Router->Illuminate\\Routing\\{closure}()
#17 D:\\project-bnpbali-management\\management-task-bnp-bali\\app\\Http\\Middleware\\isStatusAccount.php(32): Illuminate\\Pipeline\\Pipeline->Illuminate\\Pipeline\\{closure}()
#18 D:\\project-bnpbali-management\\management-task-bnp-bali\\vendor\\laravel\\framework\\src\\Illuminate\\Pipeline\\Pipeline.php(183): App\\Http\\Middleware\\isStatusAccount->handle()
#19 D:\\project-bnpbali-management\\management-task-bnp-bali\\vendor\\laravel\\framework\\src\\Illuminate\\Auth\\Middleware\\EnsureEmailIsVerified.php(41): Illuminate\\Pipeline\\Pipeline->Illuminate\\Pipeline\\{closure}()
#20 D:\\project-bnpbali-management\\management-task-bnp-bali\\vendor\\laravel\\framework\\src\\Illuminate\\Pipeline\\Pipeline.php(183): Illuminate\\Auth\\Middleware\\EnsureEmailIsVerified->handle()
#21 D:\\project-bnpbali-management\\management-task-bnp-bali\\vendor\\laravel\\framework\\src\\Illuminate\\Routing\\Middleware\\SubstituteBindings.php(50): Illuminate\\Pipeline\\Pipeline->Illuminate\\Pipeline\\{closure}()
#22 D:\\project-bnpbali-management\\management-task-bnp-bali\\vendor\\laravel\\framework\\src\\Illuminate\\Pipeline\\Pipeline.php(183): Illuminate\\Routing\\Middleware\\SubstituteBindings->handle()
#23 D:\\project-bnpbali-management\\management-task-bnp-bali\\vendor\\laravel\\framework\\src\\Illuminate\\Auth\\Middleware\\Authenticate.php(57): Illuminate\\Pipeline\\Pipeline->Illuminate\\Pipeline\\{closure}()
#24 D:\\project-bnpbali-management\\management-task-bnp-bali\\vendor\\laravel\\framework\\src\\Illuminate\\Pipeline\\Pipeline.php(183): Illuminate\\Auth\\Middleware\\Authenticate->handle()
#25 D:\\project-bnpbali-management\\management-task-bnp-bali\\vendor\\laravel\\framework\\src\\Illuminate\\Foundation\\Http\\Middleware\\VerifyCsrfToken.php(78): Illuminate\\Pipeline\\Pipeline->Illuminate\\Pipeline\\{closure}()
#26 D:\\project-bnpbali-management\\management-task-bnp-bali\\vendor\\laravel\\framework\\src\\Illuminate\\Pipeline\\Pipeline.php(183): Illuminate\\Foundation\\Http\\Middleware\\VerifyCsrfToken->handle()
#27 D:\\project-bnpbali-management\\management-task-bnp-bali\\vendor\\laravel\\framework\\src\\Illuminate\\View\\Middleware\\ShareErrorsFromSession.php(49): Illuminate\\Pipeline\\Pipeline->Illuminate\\Pipeline\\{closure}()
#28 D:\\project-bnpbali-management\\management-task-bnp-bali\\vendor\\laravel\\framework\\src\\Illuminate\\Pipeline\\Pipeline.php(183): Illuminate\\View\\Middleware\\ShareErrorsFromSession->handle()
#29 D:\\project-bnpbali-management\\management-task-bnp-bali\\vendor\\laravel\\framework\\src\\Illuminate\\Session\\Middleware\\StartSession.php(121): Illuminate\\Pipeline\\Pipeline->Illuminate\\Pipeline\\{closure}()
#30 D:\\project-bnpbali-management\\management-task-bnp-bali\\vendor\\laravel\\framework\\src\\Illuminate\\Session\\Middleware\\StartSession.php(64): Illuminate\\Session\\Middleware\\StartSession->handleStatefulRequest()
#31 D:\\project-bnpbali-management\\management-task-bnp-bali\\vendor\\laravel\\framework\\src\\Illuminate\\Pipeline\\Pipeline.php(183): Illuminate\\Session\\Middleware\\StartSession->handle()
#32 D:\\project-bnpbali-management\\management-task-bnp-bali\\vendor\\laravel\\framework\\src\\Illuminate\\Cookie\\Middleware\\AddQueuedCookiesToResponse.php(37): Illuminate\\Pipeline\\Pipeline->Illuminate\\Pipeline\\{closure}()
#33 D:\\project-bnpbali-management\\management-task-bnp-bali\\vendor\\laravel\\framework\\src\\Illuminate\\Pipeline\\Pipeline.php(183): Illuminate\\Cookie\\Middleware\\AddQueuedCookiesToResponse->handle()
#34 D:\\project-bnpbali-management\\management-task-bnp-bali\\vendor\\laravel\\framework\\src\\Illuminate\\Cookie\\Middleware\\EncryptCookies.php(67): Illuminate\\Pipeline\\Pipeline->Illuminate\\Pipeline\\{closure}()
#35 D:\\project-bnpbali-management\\management-task-bnp-bali\\vendor\\laravel\\framework\\src\\Illuminate\\Pipeline\\Pipeline.php(183): Illuminate\\Cookie\\Middleware\\EncryptCookies->handle()
#36 D:\\project-bnpbali-management\\management-task-bnp-bali\\vendor\\laravel\\framework\\src\\Illuminate\\Pipeline\\Pipeline.php(119): Illuminate\\Pipeline\\Pipeline->Illuminate\\Pipeline\\{closure}()
#37 D:\\project-bnpbali-management\\management-task-bnp-bali\\vendor\\laravel\\framework\\src\\Illuminate\\Routing\\Router.php(805): Illuminate\\Pipeline\\Pipeline->then()
#38 D:\\project-bnpbali-management\\management-task-bnp-bali\\vendor\\laravel\\framework\\src\\Illuminate\\Routing\\Router.php(784): Illuminate\\Routing\\Router->runRouteWithinStack()
#39 D:\\project-bnpbali-management\\management-task-bnp-bali\\vendor\\laravel\\framework\\src\\Illuminate\\Routing\\Router.php(748): Illuminate\\Routing\\Router->runRoute()
#40 D:\\project-bnpbali-management\\management-task-bnp-bali\\vendor\\laravel\\framework\\src\\Illuminate\\Routing\\Router.php(737): Illuminate\\Routing\\Router->dispatchToRoute()
#41 D:\\project-bnpbali-management\\management-task-bnp-bali\\vendor\\laravel\\framework\\src\\Illuminate\\Foundation\\Http\\Kernel.php(200): Illuminate\\Routing\\Router->dispatch()
#42 D:\\project-bnpbali-management\\management-task-bnp-bali\\vendor\\laravel\\framework\\src\\Illuminate\\Pipeline\\Pipeline.php(144): Illuminate\\Foundation\\Http\\Kernel->Illuminate\\Foundation\\Http\\{closure}()
#43 D:\\project-bnpbali-management\\management-task-bnp-bali\\vendor\\laravel\\framework\\src\\Illuminate\\Foundation\\Http\\Middleware\\TransformsRequest.php(21): Illuminate\\Pipeline\\Pipeline->Illuminate\\Pipeline\\{closure}()
#44 D:\\project-bnpbali-management\\management-task-bnp-bali\\vendor\\laravel\\framework\\src\\Illuminate\\Foundation\\Http\\Middleware\\ConvertEmptyStringsToNull.php(31): Illuminate\\Foundation\\Http\\Middleware\\TransformsRequest->handle()
#45 D:\\project-bnpbali-management\\management-task-bnp-bali\\vendor\\laravel\\framework\\src\\Illuminate\\Pipeline\\Pipeline.php(183): Illuminate\\Foundation\\Http\\Middleware\\ConvertEmptyStringsToNull->handle()
#46 D:\\project-bnpbali-management\\management-task-bnp-bali\\vendor\\laravel\\framework\\src\\Illuminate\\Foundation\\Http\\Middleware\\TransformsRequest.php(21): Illuminate\\Pipeline\\Pipeline->Illuminate\\Pipeline\\{closure}()
#47 D:\\project-bnpbali-management\\management-task-bnp-bali\\vendor\\laravel\\framework\\src\\Illuminate\\Foundation\\Http\\Middleware\\TrimStrings.php(40): Illuminate\\Foundation\\Http\\Middleware\\TransformsRequest->handle()
#48 D:\\project-bnpbali-management\\management-task-bnp-bali\\vendor\\laravel\\framework\\src\\Illuminate\\Pipeline\\Pipeline.php(183): Illuminate\\Foundation\\Http\\Middleware\\TrimStrings->handle()
#49 D:\\project-bnpbali-management\\management-task-bnp-bali\\vendor\\laravel\\framework\\src\\Illuminate\\Foundation\\Http\\Middleware\\ValidatePostSize.php(27): Illuminate\\Pipeline\\Pipeline->Illuminate\\Pipeline\\{closure}()
#50 D:\\project-bnpbali-management\\management-task-bnp-bali\\vendor\\laravel\\framework\\src\\Illuminate\\Pipeline\\Pipeline.php(183): Illuminate\\Foundation\\Http\\Middleware\\ValidatePostSize->handle()
#51 D:\\project-bnpbali-management\\management-task-bnp-bali\\vendor\\laravel\\framework\\src\\Illuminate\\Foundation\\Http\\Middleware\\PreventRequestsDuringMaintenance.php(99): Illuminate\\Pipeline\\Pipeline->Illuminate\\Pipeline\\{closure}()
#52 D:\\project-bnpbali-management\\management-task-bnp-bali\\vendor\\laravel\\framework\\src\\Illuminate\\Pipeline\\Pipeline.php(183): Illuminate\\Foundation\\Http\\Middleware\\PreventRequestsDuringMaintenance->handle()
#53 D:\\project-bnpbali-management\\management-task-bnp-bali\\vendor\\laravel\\framework\\src\\Illuminate\\Http\\Middleware\\HandleCors.php(49): Illuminate\\Pipeline\\Pipeline->Illuminate\\Pipeline\\{closure}()
#54 D:\\project-bnpbali-management\\management-task-bnp-bali\\vendor\\laravel\\framework\\src\\Illuminate\\Pipeline\\Pipeline.php(183): Illuminate\\Http\\Middleware\\HandleCors->handle()
#55 D:\\project-bnpbali-management\\management-task-bnp-bali\\vendor\\laravel\\framework\\src\\Illuminate\\Http\\Middleware\\TrustProxies.php(39): Illuminate\\Pipeline\\Pipeline->Illuminate\\Pipeline\\{closure}()
#56 D:\\project-bnpbali-management\\management-task-bnp-bali\\vendor\\laravel\\framework\\src\\Illuminate\\Pipeline\\Pipeline.php(183): Illuminate\\Http\\Middleware\\TrustProxies->handle()
#57 D:\\project-bnpbali-management\\management-task-bnp-bali\\vendor\\laravel\\framework\\src\\Illuminate\\Pipeline\\Pipeline.php(119): Illuminate\\Pipeline\\Pipeline->Illuminate\\Pipeline\\{closure}()
#58 D:\\project-bnpbali-management\\management-task-bnp-bali\\vendor\\laravel\\framework\\src\\Illuminate\\Foundation\\Http\\Kernel.php(175): Illuminate\\Pipeline\\Pipeline->then()
#59 D:\\project-bnpbali-management\\management-task-bnp-bali\\vendor\\laravel\\framework\\src\\Illuminate\\Foundation\\Http\\Kernel.php(144): Illuminate\\Foundation\\Http\\Kernel->sendRequestThroughRouter()
#60 D:\\project-bnpbali-management\\management-task-bnp-bali\\public\\index.php(51): Illuminate\\Foundation\\Http\\Kernel->handle()
#61 D:\\project-bnpbali-management\\management-task-bnp-bali\\vendor\\laravel\\framework\\src\\Illuminate\\Foundation\\resources\\server.php(16): require_once('...')
#62 {main}

[previous exception] [object] (PDOException(code: 23000): SQLSTATE[23000]: Integrity constraint violation: 1052 Column 'id' in field list is ambiguous at D:\\project-bnpbali-management\\management-task-bnp-bali\\vendor\\laravel\\framework\\src\\Illuminate\\Database\\Connection.php:423)
[stacktrace]
#0 D:\\project-bnpbali-management\\management-task-bnp-bali\\vendor\\laravel\\framework\\src\\Illuminate\\Database\\Connection.php(423): PDO->prepare()
#1 D:\\project-bnpbali-management\\management-task-bnp-bali\\vendor\\laravel\\framework\\src\\Illuminate\\Database\\Connection.php(816): Illuminate\\Database\\Connection->Illuminate\\Database\\{closure}()
#2 D:\\project-bnpbali-management\\management-task-bnp-bali\\vendor\\laravel\\framework\\src\\Illuminate\\Database\\Connection.php(783): Illuminate\\Database\\Connection->runQueryCallback()
#3 D:\\project-bnpbali-management\\management-task-bnp-bali\\vendor\\laravel\\framework\\src\\Illuminate\\Database\\Connection.php(414): Illuminate\\Database\\Connection->run()
#4 D:\\project-bnpbali-management\\management-task-bnp-bali\\vendor\\laravel\\framework\\src\\Illuminate\\Database\\Query\\Builder.php(2913): Illuminate\\Database\\Connection->select()
#5 D:\\project-bnpbali-management\\management-task-bnp-bali\\vendor\\laravel\\framework\\src\\Illuminate\\Database\\Query\\Builder.php(3142): Illuminate\\Database\\Query\\Builder->runSelect()
#6 D:\\project-bnpbali-management\\management-task-bnp-bali\\vendor\\laravel\\framework\\src\\Illuminate\\Database\\Query\\Builder.php(3456): Illuminate\\Database\\Query\\Builder->Illuminate\\Database\\Query\\{closure}()
#7 D:\\project-bnpbali-management\\management-task-bnp-bali\\vendor\\laravel\\framework\\src\\Illuminate\\Database\\Query\\Builder.php(3138): Illuminate\\Database\\Query\\Builder->onceWithColumns()
#8 D:\\project-bnpbali-management\\management-task-bnp-bali\\vendor\\laravel\\framework\\src\\Illuminate\\Database\\Eloquent\\Builder.php(889): Illuminate\\Database\\Query\\Builder->pluck()
#9 D:\\project-bnpbali-management\\management-task-bnp-bali\\vendor\\laravel\\framework\\src\\Illuminate\\Support\\Traits\\ForwardsCalls.php(23): Illuminate\\Database\\Eloquent\\Builder->pluck()
#10 D:\\project-bnpbali-management\\management-task-bnp-bali\\vendor\\laravel\\framework\\src\\Illuminate\\Support\\Traits\\ForwardsCalls.php(52): Illuminate\\Database\\Eloquent\\Relations\\Relation->forwardCallTo()
#11 D:\\project-bnpbali-management\\management-task-bnp-bali\\vendor\\laravel\\framework\\src\\Illuminate\\Database\\Eloquent\\Relations\\Relation.php(517): Illuminate\\Database\\Eloquent\\Relations\\Relation->forwardDecoratedCallTo()
#12 D:\\project-bnpbali-management\\management-task-bnp-bali\\app\\Http\\Controllers\\Constructor\\DealProjectController.php(107): Illuminate\\Database\\Eloquent\\Relations\\Relation->__call()
#13 D:\\project-bnpbali-management\\management-task-bnp-bali\\vendor\\laravel\\framework\\src\\Illuminate\\Routing\\Controller.php(54): App\\Http\\Controllers\\Constructor\\DealProjectController->edit()
#14 D:\\project-bnpbali-management\\management-task-bnp-bali\\vendor\\laravel\\framework\\src\\Illuminate\\Routing\\ControllerDispatcher.php(43): Illuminate\\Routing\\Controller->callAction()
#15 D:\\project-bnpbali-management\\management-task-bnp-bali\\vendor\\laravel\\framework\\src\\Illuminate\\Routing\\Route.php(259): Illuminate\\Routing\\ControllerDispatcher->dispatch()
#16 D:\\project-bnpbali-management\\management-task-bnp-bali\\vendor\\laravel\\framework\\src\\Illuminate\\Routing\\Route.php(205): Illuminate\\Routing\\Route->runController()
#17 D:\\project-bnpbali-management\\management-task-bnp-bali\\vendor\\laravel\\framework\\src\\Illuminate\\Routing\\Router.php(806): Illuminate\\Routing\\Route->run()
#18 D:\\project-bnpbali-management\\management-task-bnp-bali\\vendor\\laravel\\framework\\src\\Illuminate\\Pipeline\\Pipeline.php(144): Illuminate\\Routing\\Router->Illuminate\\Routing\\{closure}()
#19 D:\\project-bnpbali-management\\management-task-bnp-bali\\app\\Http\\Middleware\\isStatusAccount.php(32): Illuminate\\Pipeline\\Pipeline->Illuminate\\Pipeline\\{closure}()
#20 D:\\project-bnpbali-management\\management-task-bnp-bali\\vendor\\laravel\\framework\\src\\Illuminate\\Pipeline\\Pipeline.php(183): App\\Http\\Middleware\\isStatusAccount->handle()
#21 D:\\project-bnpbali-management\\management-task-bnp-bali\\vendor\\laravel\\framework\\src\\Illuminate\\Auth\\Middleware\\EnsureEmailIsVerified.php(41): Illuminate\\Pipeline\\Pipeline->Illuminate\\Pipeline\\{closure}()
#22 D:\\project-bnpbali-management\\management-task-bnp-bali\\vendor\\laravel\\framework\\src\\Illuminate\\Pipeline\\Pipeline.php(183): Illuminate\\Auth\\Middleware\\EnsureEmailIsVerified->handle()
#23 D:\\project-bnpbali-management\\management-task-bnp-bali\\vendor\\laravel\\framework\\src\\Illuminate\\Routing\\Middleware\\SubstituteBindings.php(50): Illuminate\\Pipeline\\Pipeline->Illuminate\\Pipeline\\{closure}()
#24 D:\\project-bnpbali-management\\management-task-bnp-bali\\vendor\\laravel\\framework\\src\\Illuminate\\Pipeline\\Pipeline.php(183): Illuminate\\Routing\\Middleware\\SubstituteBindings->handle()
#25 D:\\project-bnpbali-management\\management-task-bnp-bali\\vendor\\laravel\\framework\\src\\Illuminate\\Auth\\Middleware\\Authenticate.php(57): Illuminate\\Pipeline\\Pipeline->Illuminate\\Pipeline\\{closure}()
#26 D:\\project-bnpbali-management\\management-task-bnp-bali\\vendor\\laravel\\framework\\src\\Illuminate\\Pipeline\\Pipeline.php(183): Illuminate\\Auth\\Middleware\\Authenticate->handle()
#27 D:\\project-bnpbali-management\\management-task-bnp-bali\\vendor\\laravel\\framework\\src\\Illuminate\\Foundation\\Http\\Middleware\\VerifyCsrfToken.php(78): Illuminate\\Pipeline\\Pipeline->Illuminate\\Pipeline\\{closure}()
#28 D:\\project-bnpbali-management\\management-task-bnp-bali\\vendor\\laravel\\framework\\src\\Illuminate\\Pipeline\\Pipeline.php(183): Illuminate\\Foundation\\Http\\Middleware\\VerifyCsrfToken->handle()
#29 D:\\project-bnpbali-management\\management-task-bnp-bali\\vendor\\laravel\\framework\\src\\Illuminate\\View\\Middleware\\ShareErrorsFromSession.php(49): Illuminate\\Pipeline\\Pipeline->Illuminate\\Pipeline\\{closure}()
#30 D:\\project-bnpbali-management\\management-task-bnp-bali\\vendor\\laravel\\framework\\src\\Illuminate\\Pipeline\\Pipeline.php(183): Illuminate\\View\\Middleware\\ShareErrorsFromSession->handle()
#31 D:\\project-bnpbali-management\\management-task-bnp-bali\\vendor\\laravel\\framework\\src\\Illuminate\\Session\\Middleware\\StartSession.php(121): Illuminate\\Pipeline\\Pipeline->Illuminate\\Pipeline\\{closure}()
#32 D:\\project-bnpbali-management\\management-task-bnp-bali\\vendor\\laravel\\framework\\src\\Illuminate\\Session\\Middleware\\StartSession.php(64): Illuminate\\Session\\Middleware\\StartSession->handleStatefulRequest()
#33 D:\\project-bnpbali-management\\management-task-bnp-bali\\vendor\\laravel\\framework\\src\\Illuminate\\Pipeline\\Pipeline.php(183): Illuminate\\Session\\Middleware\\StartSession->handle()
#34 D:\\project-bnpbali-management\\management-task-bnp-bali\\vendor\\laravel\\framework\\src\\Illuminate\\Cookie\\Middleware\\AddQueuedCookiesToResponse.php(37): Illuminate\\Pipeline\\Pipeline->Illuminate\\Pipeline\\{closure}()
#35 D:\\project-bnpbali-management\\management-task-bnp-bali\\vendor\\laravel\\framework\\src\\Illuminate\\Pipeline\\Pipeline.php(183): Illuminate\\Cookie\\Middleware\\AddQueuedCookiesToResponse->handle()
#36 D:\\project-bnpbali-management\\management-task-bnp-bali\\vendor\\laravel\\framework\\src\\Illuminate\\Cookie\\Middleware\\EncryptCookies.php(67): Illuminate\\Pipeline\\Pipeline->Illuminate\\Pipeline\\{closure}()
#37 D:\\project-bnpbali-management\\management-task-bnp-bali\\vendor\\laravel\\framework\\src\\Illuminate\\Pipeline\\Pipeline.php(183): Illuminate\\Cookie\\Middleware\\EncryptCookies->handle()
#38 D:\\project-bnpbali-management\\management-task-bnp-bali\\vendor\\laravel\\framework\\src\\Illuminate\\Pipeline\\Pipeline.php(119): Illuminate\\Pipeline\\Pipeline->Illuminate\\Pipeline\\{closure}()
#39 D:\\project-bnpbali-management\\management-task-bnp-bali\\vendor\\laravel\\framework\\src\\Illuminate\\Routing\\Router.php(805): Illuminate\\Pipeline\\Pipeline->then()
#40 D:\\project-bnpbali-management\\management-task-bnp-bali\\vendor\\laravel\\framework\\src\\Illuminate\\Routing\\Router.php(784): Illuminate\\Routing\\Router->runRouteWithinStack()
#41 D:\\project-bnpbali-management\\management-task-bnp-bali\\vendor\\laravel\\framework\\src\\Illuminate\\Routing\\Router.php(748): Illuminate\\Routing\\Router->runRoute()
#42 D:\\project-bnpbali-management\\management-task-bnp-bali\\vendor\\laravel\\framework\\src\\Illuminate\\Routing\\Router.php(737): Illuminate\\Routing\\Router->dispatchToRoute()
#43 D:\\project-bnpbali-management\\management-task-bnp-bali\\vendor\\laravel\\framework\\src\\Illuminate\\Foundation\\Http\\Kernel.php(200): Illuminate\\Routing\\Router->dispatch()
#44 D:\\project-bnpbali-management\\management-task-bnp-bali\\vendor\\laravel\\framework\\src\\Illuminate\\Pipeline\\Pipeline.php(144): Illuminate\\Foundation\\Http\\Kernel->Illuminate\\Foundation\\Http\\{closure}()
#45 D:\\project-bnpbali-management\\management-task-bnp-bali\\vendor\\laravel\\framework\\src\\Illuminate\\Foundation\\Http\\Middleware\\TransformsRequest.php(21): Illuminate\\Pipeline\\Pipeline->Illuminate\\Pipeline\\{closure}()
#46 D:\\project-bnpbali-management\\management-task-bnp-bali\\vendor\\laravel\\framework\\src\\Illuminate\\Foundation\\Http\\Middleware\\ConvertEmptyStringsToNull.php(31): Illuminate\\Foundation\\Http\\Middleware\\TransformsRequest->handle()
#47 D:\\project-bnpbali-management\\management-task-bnp-bali\\vendor\\laravel\\framework\\src\\Illuminate\\Pipeline\\Pipeline.php(183): Illuminate\\Foundation\\Http\\Middleware\\ConvertEmptyStringsToNull->handle()
#48 D:\\project-bnpbali-management\\management-task-bnp-bali\\vendor\\laravel\\framework\\src\\Illuminate\\Foundation\\Http\\Middleware\\TransformsRequest.php(21): Illuminate\\Pipeline\\Pipeline->Illuminate\\Pipeline\\{closure}()
#49 D:\\project-bnpbali-management\\management-task-bnp-bali\\vendor\\laravel\\framework\\src\\Illuminate\\Foundation\\Http\\Middleware\\TrimStrings.php(40): Illuminate\\Foundation\\Http\\Middleware\\TransformsRequest->handle()
#50 D:\\project-bnpbali-management\\management-task-bnp-bali\\vendor\\laravel\\framework\\src\\Illuminate\\Pipeline\\Pipeline.php(183): Illuminate\\Foundation\\Http\\Middleware\\TrimStrings->handle()
#51 D:\\project-bnpbali-management\\management-task-bnp-bali\\vendor\\laravel\\framework\\src\\Illuminate\\Foundation\\Http\\Middleware\\ValidatePostSize.php(27): Illuminate\\Pipeline\\Pipeline->Illuminate\\Pipeline\\{closure}()
#52 D:\\project-bnpbali-management\\management-task-bnp-bali\\vendor\\laravel\\framework\\src\\Illuminate\\Pipeline\\Pipeline.php(183): Illuminate\\Foundation\\Http\\Middleware\\ValidatePostSize->handle()
#53 D:\\project-bnpbali-management\\management-task-bnp-bali\\vendor\\laravel\\framework\\src\\Illuminate\\Foundation\\Http\\Middleware\\PreventRequestsDuringMaintenance.php(99): Illuminate\\Pipeline\\Pipeline->Illuminate\\Pipeline\\{closure}()
#54 D:\\project-bnpbali-management\\management-task-bnp-bali\\vendor\\laravel\\framework\\src\\Illuminate\\Pipeline\\Pipeline.php(183): Illuminate\\Foundation\\Http\\Middleware\\PreventRequestsDuringMaintenance->handle()
#55 D:\\project-bnpbali-management\\management-task-bnp-bali\\vendor\\laravel\\framework\\src\\Illuminate\\Http\\Middleware\\HandleCors.php(49): Illuminate\\Pipeline\\Pipeline->Illuminate\\Pipeline\\{closure}()
#56 D:\\project-bnpbali-management\\management-task-bnp-bali\\vendor\\laravel\\framework\\src\\Illuminate\\Pipeline\\Pipeline.php(183): Illuminate\\Http\\Middleware\\HandleCors->handle()
#57 D:\\project-bnpbali-management\\management-task-bnp-bali\\vendor\\laravel\\framework\\src\\Illuminate\\Http\\Middleware\\TrustProxies.php(39): Illuminate\\Pipeline\\Pipeline->Illuminate\\Pipeline\\{closure}()
#58 D:\\project-bnpbali-management\\management-task-bnp-bali\\vendor\\laravel\\framework\\src\\Illuminate\\Pipeline\\Pipeline.php(183): Illuminate\\Http\\Middleware\\TrustProxies->handle()
#59 D:\\project-bnpbali-management\\management-task-bnp-bali\\vendor\\laravel\\framework\\src\\Illuminate\\Pipeline\\Pipeline.php(119): Illuminate\\Pipeline\\Pipeline->Illuminate\\Pipeline\\{closure}()
#60 D:\\project-bnpbali-management\\management-task-bnp-bali\\vendor\\laravel\\framework\\src\\Illuminate\\Foundation\\Http\\Kernel.php(175): Illuminate\\Pipeline\\Pipeline->then()
#61 D:\\project-bnpbali-management\\management-task-bnp-bali\\vendor\\laravel\\framework\\src\\Illuminate\\Foundation\\Http\\Kernel.php(144): Illuminate\\Foundation\\Http\\Kernel->sendRequestThroughRouter()
#62 D:\\project-bnpbali-management\\management-task-bnp-bali\\public\\index.php(51): Illuminate\\Foundation\\Http\\Kernel->handle()
#63 D:\\project-bnpbali-management\\management-task-bnp-bali\\vendor\\laravel\\framework\\src\\Illuminate\\Foundation\\resources\\server.php(16): require_once('...')
#64 {main}
"} 
[2024-12-08 13:23:08] local.INFO: Progress Details {"completedPercentage":2.91,"remainingPercentage":97.09} 
[2024-12-08 13:23:29] local.INFO: Progress Details {"completedPercentage":2.91,"remainingPercentage":97.09} 
[2024-12-08 13:31:07] local.INFO: Progress Details {"completedPercentage":2.91,"remainingPercentage":97.09} 
[2024-12-08 13:36:24] local.INFO: Progress Details {"completedPercentage":2.91,"remainingPercentage":97.09} 
[2024-12-08 13:49:05] local.INFO: Progress Details {"completedPercentage":2.91,"remainingPercentage":97.09} 
[2024-12-08 13:51:23] local.INFO: Progress Details {"completedPercentage":2.91,"remainingPercentage":97.09} 
